<?xml version="1.0" encoding="UTF-8"?>
<testng-results skipped="0" failed="1" ignored="0" total="6" passed="5">
  <reporter-output>
    <line>
      <![CDATA[<a href="E:\TestNGPic\errormessage.PNG"target="_blank">Screen shot Link</a>]]>
    </line>
    <line>
      <![CDATA[<br>]]>
    </line>
    <line>
      <![CDATA[<a href="E:\TestNGPic\errormessage.PNG"target="_blank"><imag height=600 width =800 src ="E:\TestNGPic\errormessage.PNG"></a>]]>
    </line>
  </reporter-output>
  <suite name="Regression" duration-ms="159" started-at="2019-09-16T18:04:45Z" finished-at="2019-09-16T18:04:45Z">
    <groups>
      <group name="hruthik">
        <method signature="testAnotations.Registration()[pri:1, instance:TestNG.FinalCode_TestNG.testAnotations@3a5ed7a6]" name="Registration" class="TestNG.FinalCode_TestNG.testAnotations"/>
      </group> <!-- hruthik -->
    </groups>
    <test name="Registration_Login" duration-ms="52" started-at="2019-09-16T18:04:45Z" finished-at="2019-09-16T18:04:45Z">
      <class name="TestNG.FinalCode_TestNG.testAnotations">
        <test-method status="FAIL" signature="Registration()[pri:1, instance:TestNG.FinalCode_TestNG.testAnotations@3a5ed7a6]" name="Registration" duration-ms="14" started-at="2019-09-16T18:04:45Z" finished-at="2019-09-16T18:04:45Z">
          <exception class="java.lang.AssertionError">
            <message>
              <![CDATA[Registration faailed]]>
            </message>
            <full-stacktrace>
              <![CDATA[java.lang.AssertionError: Registration faailed
at org.testng.Assert.fail(Assert.java:96)
at TestNG.FinalCode_TestNG.testAnotations.Registration(testAnotations.java:10)
at sun.reflect.NativeMethodAccessorImpl.invoke0(Native Method)
at sun.reflect.NativeMethodAccessorImpl.invoke(NativeMethodAccessorImpl.java:62)
at sun.reflect.DelegatingMethodAccessorImpl.invoke(DelegatingMethodAccessorImpl.java:43)
at java.lang.reflect.Method.invoke(Method.java:498)
at org.testng.internal.MethodInvocationHelper.invokeMethod(MethodInvocationHelper.java:124)
at org.testng.internal.Invoker.invokeMethod(Invoker.java:583)
at org.testng.internal.Invoker.invokeTestMethod(Invoker.java:719)
at org.testng.internal.Invoker.invokeTestMethods(Invoker.java:989)
at org.testng.internal.TestMethodWorker.invokeTestMethods(TestMethodWorker.java:125)
at org.testng.internal.TestMethodWorker.run(TestMethodWorker.java:109)
at org.testng.TestRunner.privateRun(TestRunner.java:648)
at org.testng.TestRunner.run(TestRunner.java:505)
at org.testng.SuiteRunner.runTest(SuiteRunner.java:455)
at org.testng.SuiteRunner.runSequentially(SuiteRunner.java:450)
at org.testng.SuiteRunner.privateRun(SuiteRunner.java:415)
at org.testng.SuiteRunner.run(SuiteRunner.java:364)
at org.testng.SuiteRunnerWorker.runSuite(SuiteRunnerWorker.java:52)
at org.testng.SuiteRunnerWorker.run(SuiteRunnerWorker.java:84)
at org.testng.TestNG.runSuitesSequentially(TestNG.java:1208)
at org.testng.TestNG.runSuitesLocally(TestNG.java:1137)
at org.testng.TestNG.runSuites(TestNG.java:1049)
at org.testng.TestNG.run(TestNG.java:1017)
at org.testng.remote.AbstractRemoteTestNG.run(AbstractRemoteTestNG.java:114)
at org.testng.remote.RemoteTestNG.initAndRun(RemoteTestNG.java:251)
at org.testng.remote.RemoteTestNG.main(RemoteTestNG.java:77)
]]>
            </full-stacktrace>
          </exception> <!-- java.lang.AssertionError -->
          <reporter-output>
            <line>
              <![CDATA[<a href="E:\TestNGPic\errormessage.PNG"target="_blank">Screen shot Link</a>]]>
            </line>
            <line>
              <![CDATA[<br>]]>
            </line>
            <line>
              <![CDATA[<a href="E:\TestNGPic\errormessage.PNG"target="_blank"><imag height=600 width =800 src ="E:\TestNGPic\errormessage.PNG"></a>]]>
            </line>
          </reporter-output>
        </test-method> <!-- Registration -->
        <test-method status="PASS" signature="Login()[pri:2, instance:TestNG.FinalCode_TestNG.testAnotations@3a5ed7a6]" name="Login" duration-ms="1" started-at="2019-09-16T18:04:45Z" finished-at="2019-09-16T18:04:45Z">
          <reporter-output>
          </reporter-output>
        </test-method> <!-- Login -->
      </class> <!-- TestNG.FinalCode_TestNG.testAnotations -->
    </test> <!-- Registration_Login -->
    <test name="ConsumerJourney" duration-ms="11" started-at="2019-09-16T18:04:45Z" finished-at="2019-09-16T18:04:45Z">
      <class name="TestNG.FinalCode_TestNG.creatingTestSuit">
        <test-method status="PASS" signature="AddProdcutToCart()[pri:3, instance:TestNG.FinalCode_TestNG.creatingTestSuit@3224f60b]" name="AddProdcutToCart" duration-ms="2" started-at="2019-09-16T18:04:45Z" finished-at="2019-09-16T18:04:45Z">
          <reporter-output>
          </reporter-output>
        </test-method> <!-- AddProdcutToCart -->
        <test-method status="PASS" signature="CheckoutJourney()[pri:4, instance:TestNG.FinalCode_TestNG.creatingTestSuit@3224f60b]" name="CheckoutJourney" duration-ms="3" started-at="2019-09-16T18:04:45Z" finished-at="2019-09-16T18:04:45Z">
          <reporter-output>
          </reporter-output>
        </test-method> <!-- CheckoutJourney -->
      </class> <!-- TestNG.FinalCode_TestNG.creatingTestSuit -->
    </test> <!-- ConsumerJourney -->
    <test name="Logout" duration-ms="10" started-at="2019-09-16T18:04:45Z" finished-at="2019-09-16T18:04:45Z">
      <class name="TestNG.FinalCode_TestNG.TestGroup">
        <test-method status="PASS" signature="PaceOrder()[pri:5, instance:TestNG.FinalCode_TestNG.TestGroup@7494e528]" name="PaceOrder" duration-ms="2" started-at="2019-09-16T18:04:45Z" finished-at="2019-09-16T18:04:45Z">
          <reporter-output>
          </reporter-output>
        </test-method> <!-- PaceOrder -->
        <test-method status="PASS" signature="Logout()[pri:6, instance:TestNG.FinalCode_TestNG.TestGroup@7494e528]" name="Logout" duration-ms="1" started-at="2019-09-16T18:04:45Z" finished-at="2019-09-16T18:04:45Z">
          <reporter-output>
          </reporter-output>
        </test-method> <!-- Logout -->
      </class> <!-- TestNG.FinalCode_TestNG.TestGroup -->
    </test> <!-- Logout -->
  </suite> <!-- Regression -->
</testng-results>
